[2020-08-24 11:06:13] START
[2020-08-24 11:10:31] CREATE db1.py: 0
[2020-08-24 11:10:45] EDIT registro/models/db1.py: 4
[2020-08-24 11:29:53] EDIT registro/models/db1.py: 11
[2020-08-24 11:29:53] EDIT registro/models/db1.py: 0
[2020-08-24 11:45:02] EDIT registro/models/db.py: 2
[2020-08-24 11:46:09] EDIT registro/models/db.py: -1
[2020-08-24 12:06:03] EDIT registro/models/db1.py: 11
[2020-08-24 12:07:09] EDIT registro/models/db1.py: -2
[2020-08-24 12:09:38] EDIT registro/models/db1.py: 2
[2020-08-24 12:12:43] CREATE alumnos.py: 0
[2020-08-24 12:15:39] EDIT registro/controllers/alumnos.py: 3
[2020-08-24 12:15:59] EDIT registro/controllers/alumnos.py: -1
[2020-08-24 12:16:18] CREATE alumnos/index.html: 0
[2020-08-24 12:17:28] EDIT registro/controllers/alumnos.py: 0
[2020-08-24 12:20:09] EDIT registro/models/menu.py: -93
[2020-08-24 13:57:00] EDIT registro/private/appconfig.ini: 0
[2020-08-24 13:57:19] EDIT registro/private/appconfig.ini: 0
[2020-08-24 14:00:41] EDIT registro/models/menu.py: 1
[2020-08-24 15:05:53] EDIT registro/models/db1.py: 5
[2020-08-24 15:39:15] EDIT registro/models/db1.py: 0
[2020-08-24 15:50:52] EDIT registro/views/layout.html: 0
[2020-08-24 15:52:19] EDIT registro/views/alumnos/index.html: 43
[2020-08-24 15:54:49] EDIT registro/views/alumnos/index.html: -5
[2020-08-24 15:55:43] EDIT registro/views/alumnos/index.html: 0
[2020-08-24 15:58:02] EDIT registro/views/alumnos/index.html: 2
[2020-08-24 15:58:25] EDIT registro/views/alumnos/index.html: -2
[2020-08-24 15:58:44] EDIT registro/views/alumnos/index.html: 0
[2020-08-24 15:59:22] EDIT registro/views/alumnos/index.html: 1
[2020-08-24 16:00:00] EDIT registro/views/alumnos/index.html: -1
[2020-08-24 16:00:39] EDIT registro/views/alumnos/index.html: 1
[2020-08-24 16:01:50] EDIT registro/controllers/alumnos.py: 1
[2020-08-24 16:02:15] EDIT registro/views/alumnos/index.html: -1
[2020-08-24 16:02:41] EDIT registro/controllers/alumnos.py: 0
[2020-08-24 16:03:10] EDIT registro/views/alumnos/index.html: 0
[2020-08-24 16:05:24] EDIT registro/views/alumnos/index.html: 2
[2020-08-24 16:08:02] EDIT registro/models/db1.py: 0
[2020-08-24 16:11:19] EDIT registro/models/db1.py: 0
[2020-08-24 16:17:16] EDIT registro/views/alumnos/index.html: 0
[2020-08-24 16:18:45] EDIT registro/views/alumnos/index.html: 4
[2020-08-24 16:19:08] EDIT registro/views/alumnos/index.html: 3
[2020-08-24 16:19:40] EDIT registro/views/alumnos/index.html: 6
[2020-08-24 16:23:50] EDIT registro/static/css/web2py.css: 24
[2020-08-24 16:24:08] EDIT registro/static/css/web2py.css: -24
[2020-08-24 16:26:35] EDIT registro/static/css/calendar.css: 24
[2020-08-24 16:28:11] EDIT registro/views/alumnos/index.html: 2
[2020-08-24 16:44:31] EDIT registro/static/css/calendar.css: -24
[2020-08-24 16:46:32] EDIT registro/views/alumnos/index.html: 26
[2020-08-24 17:04:09] EDIT registro/models/menu.py: 0
[2020-08-24 17:04:30] EDIT registro/models/menu.py: 0
[2020-08-24 17:10:59] EDIT registro/controllers/alumnos.py: 5
[2020-08-24 17:11:17] CREATE alumnos/show.html: 0
[2020-08-24 17:11:35] EDIT registro/views/alumnos/index.html: 0
[2020-08-24 17:23:23] EDIT registro/views/alumnos/show.html: 21
[2020-08-24 17:28:24] EDIT registro/static/css/web2py.css: 23
[2020-08-24 17:29:09] EDIT registro/static/css/calendar.css: 23
[2020-08-24 17:31:31] EDIT registro/static/css/calendar.css: 24
[2020-08-24 17:32:34] EDIT registro/static/css/calendar.css: -23
[2020-08-24 17:32:39] EDIT registro/views/alumnos/show.html: 0
[2020-08-24 17:33:01] EDIT registro/static/css/calendar.css: 0
[2020-08-24 17:33:03] EDIT registro/views/alumnos/show.html: 0
[2020-08-24 17:34:46] EDIT registro/views/alumnos/show.html: 2
[2020-08-24 17:35:33] EDIT registro/views/alumnos/show.html: 2
[2020-08-24 17:36:34] EDIT registro/views/alumnos/show.html: 0
[2020-08-24 17:36:59] EDIT registro/views/alumnos/show.html: 0
[2020-08-24 17:37:05] EDIT registro/views/alumnos/show.html: 0
[2020-08-24 17:37:16] EDIT registro/views/alumnos/show.html: 0
[2020-08-24 17:37:30] EDIT registro/views/alumnos/show.html: 0
[2020-08-24 17:37:38] EDIT registro/views/alumnos/show.html: 0
[2020-08-24 17:38:16] EDIT registro/views/alumnos/show.html: -2
[2020-08-24 17:38:28] EDIT registro/views/alumnos/show.html: -1
[2020-08-24 17:38:42] EDIT registro/views/alumnos/show.html: 0
[2020-08-24 17:39:02] EDIT registro/views/alumnos/show.html: 0
[2020-08-24 17:41:57] EDIT registro/views/alumnos/show.html: 0
[2020-08-24 17:42:08] EDIT registro/views/alumnos/show.html: 0
[2020-08-24 17:42:22] EDIT registro/views/alumnos/show.html: 0
[2020-08-24 17:42:55] EDIT registro/views/alumnos/show.html: 0
[2020-08-24 17:43:23] EDIT registro/views/alumnos/show.html: 0
[2020-08-24 17:43:39] EDIT registro/views/alumnos/show.html: 0
[2020-08-24 17:43:48] EDIT registro/views/alumnos/show.html: 0
[2020-08-24 17:44:13] EDIT registro/views/alumnos/show.html: 0
[2020-08-24 17:44:36] EDIT registro/views/alumnos/show.html: 0
[2020-08-24 17:45:03] EDIT registro/views/alumnos/show.html: 0
[2020-08-24 17:45:38] EDIT registro/views/alumnos/show.html: 0
[2020-08-24 17:46:04] EDIT registro/views/alumnos/show.html: 0
[2020-08-24 17:46:46] EDIT registro/views/alumnos/show.html: 0
[2020-08-24 17:47:40] EDIT registro/views/alumnos/show.html: -2
[2020-08-24 17:47:52] EDIT registro/views/alumnos/show.html: 2
[2020-08-24 18:15:39] EDIT registro/views/alumnos/show.html: -1
[2020-08-24 18:17:11] EDIT registro/views/alumnos/show.html: 0
[2020-08-24 18:18:22] EDIT registro/views/alumnos/show.html: 1
[2020-08-24 18:19:55] EDIT registro/views/alumnos/show.html: 5
[2020-08-24 18:20:57] EDIT registro/views/alumnos/show.html: 1
[2020-08-24 18:21:24] EDIT registro/views/alumnos/show.html: 0
[2020-08-24 18:21:49] EDIT registro/views/alumnos/show.html: 0
[2020-08-24 18:22:20] EDIT registro/views/alumnos/show.html: 0
[2020-08-24 18:22:45] EDIT registro/views/alumnos/show.html: 0
[2020-08-24 18:23:53] EDIT registro/views/alumnos/show.html: 6
[2020-08-24 18:25:15] EDIT registro/views/alumnos/show.html: 6
[2020-08-24 18:26:04] EDIT registro/views/alumnos/show.html: 4
[2020-08-24 18:26:32] EDIT registro/views/alumnos/show.html: 0
[2020-08-24 18:28:29] EDIT registro/views/alumnos/show.html: 1
[2020-08-24 18:30:20] EDIT registro/views/alumnos/show.html: 4
[2020-08-24 18:30:46] EDIT registro/views/alumnos/show.html: -1
[2020-08-24 18:31:20] EDIT registro/views/alumnos/show.html: 1
[2020-08-24 18:31:47] EDIT registro/views/alumnos/show.html: 1
[2020-08-24 18:32:32] EDIT registro/views/alumnos/show.html: 0
[2020-08-24 18:32:52] EDIT registro/views/alumnos/show.html: -1
[2020-08-24 18:33:59] EDIT registro/views/alumnos/show.html: 1
[2020-08-24 18:35:30] EDIT registro/views/alumnos/show.html: 2
[2020-08-24 18:36:14] EDIT registro/views/alumnos/show.html: 0
[2020-08-24 18:36:27] EDIT registro/views/alumnos/show.html: -1
[2020-08-24 18:36:58] EDIT registro/views/alumnos/show.html: 1
[2020-08-24 18:37:17] EDIT registro/views/alumnos/show.html: -4
[2020-08-24 18:37:52] EDIT registro/views/alumnos/show.html: -1
[2020-08-24 18:38:09] EDIT registro/views/alumnos/show.html: 1
[2020-08-24 18:38:36] EDIT registro/views/alumnos/show.html: 0
[2020-08-24 18:38:52] EDIT registro/views/alumnos/show.html: 0
[2020-08-24 18:39:41] EDIT registro/views/alumnos/show.html: -1
[2020-08-24 18:40:41] EDIT registro/views/alumnos/show.html: 5
[2020-08-24 18:40:53] EDIT registro/views/alumnos/show.html: -1
[2020-08-24 18:43:09] EDIT registro/views/alumnos/show.html: 6
[2020-08-24 18:43:53] EDIT registro/views/alumnos/show.html: 0
[2020-08-24 18:46:07] EDIT registro/views/alumnos/show.html: 26
[2020-08-24 18:46:32] EDIT registro/views/alumnos/show.html: 0
[2020-08-24 18:46:57] EDIT registro/views/alumnos/show.html: 0
[2020-08-24 18:47:44] EDIT registro/views/alumnos/show.html: 2
[2020-08-24 18:48:31] EDIT registro/views/alumnos/show.html: 0
[2020-08-24 18:48:52] EDIT registro/views/alumnos/show.html: 0
[2020-08-24 18:49:04] EDIT registro/views/alumnos/show.html: 0
[2020-08-25 16:26:29] EDIT registro/controllers/alumnos.py: 3
[2020-08-25 16:26:55] EDIT registro/controllers/alumnos.py: 0
[2020-08-25 16:28:29] CREATE alumnos/insertar.html: 0
[2020-08-25 16:28:56] EDIT registro/views/alumnos/insertar.html: 0
[2020-08-25 16:31:39] EDIT registro/views/alumnos/insertar.html: 0
[2020-08-25 16:33:02] EDIT registro/controllers/alumnos.py: 3
[2020-08-25 16:35:26] EDIT registro/views/alumnos/show.html: -26
[2020-08-25 16:35:34] EDIT registro/views/alumnos/show.html: 0
[2020-08-25 16:36:19] EDIT registro/static/css/calendar.css: -24
[2020-08-25 16:40:28] EDIT registro/views/alumnos/show.html: 26
[2020-08-26 09:46:30] EDIT registro/views/alumnos/index.html: 2
[2020-08-26 09:48:05] EDIT registro/views/alumnos/index.html: -26
[2020-08-26 09:48:49] EDIT registro/views/alumnos/index.html: 0
[2020-08-26 09:49:01] EDIT registro/views/alumnos/index.html: 26
[2020-08-26 09:49:26] EDIT registro/views/alumnos/index.html: 0
[2020-08-26 09:50:26] EDIT registro/views/alumnos/index.html: 2
[2020-08-26 09:50:55] EDIT registro/views/alumnos/index.html: -1
[2020-08-26 09:51:12] EDIT registro/views/alumnos/index.html: 0
[2020-08-26 09:51:29] EDIT registro/views/alumnos/index.html: -1
[2020-08-26 09:53:41] EDIT registro/views/alumnos/show.html: 2
[2020-08-26 10:04:35] EDIT registro/models/menu.py: 0
[2020-08-26 10:05:42] EDIT registro/models/menu.py: 0
[2020-08-26 10:06:25] EDIT registro/models/menu.py: 0
[2020-08-26 10:07:12] EDIT registro/models/menu.py: 0
[2020-08-26 10:32:12] EDIT registro/controllers/alumnos.py: 4
[2020-08-26 10:33:07] CREATE alumnos/insertar_reporte.html: 0
[2020-08-26 10:33:33] EDIT registro/views/alumnos/insertar_reporte.html: 0
[2020-08-26 10:34:51] EDIT registro/views/alumnos/index.html: 0
[2020-08-26 10:35:52] EDIT registro/controllers/alumnos.py: 1
[2020-08-26 10:36:38] EDIT registro/controllers/alumnos.py: 0
[2020-08-26 10:37:32] EDIT registro/models/db1.py: -1
[2020-08-26 10:41:50] EDIT registro/controllers/alumnos.py: 4
[2020-08-26 10:49:19] EDIT registro/controllers/alumnos.py: 1
[2020-08-26 10:50:21] EDIT registro/controllers/alumnos.py: 0
[2020-08-26 10:52:07] EDIT registro/controllers/alumnos.py: 1
[2020-08-26 10:53:02] EDIT registro/controllers/alumnos.py: 0
[2020-08-26 10:53:12] EDIT registro/controllers/alumnos.py: 0
[2020-08-26 10:53:31] EDIT registro/controllers/alumnos.py: 0
[2020-08-26 10:53:52] EDIT registro/controllers/alumnos.py: 0
[2020-08-28 11:58:09] EDIT registro/controllers/alumnos.py: 9
[2020-08-28 11:58:36] EDIT registro/views/alumnos/index.html: 0
[2020-08-28 11:58:59] CREATE alumnos/editar.html: 0
[2020-08-28 11:59:10] EDIT registro/views/alumnos/editar.html: 0
[2020-08-28 12:00:09] EDIT registro/controllers/alumnos.py: 1
[2020-08-28 12:01:55] EDIT registro/views/alumnos/index.html: 0
[2020-08-28 12:05:09] EDIT registro/models/db1.py: 0
[2020-08-28 12:12:57] EDIT registro/models/db1.py: 0
[2020-08-28 12:13:13] EDIT registro/models/db1.py: 0
[2020-08-28 12:13:28] EDIT registro/models/db1.py: 0
[2020-08-28 12:13:37] EDIT registro/models/db1.py: 0
[2020-08-28 12:13:40] EDIT registro/models/db1.py: 0
[2020-08-28 12:13:50] EDIT registro/models/db1.py: 0
[2020-08-28 12:13:51] EDIT registro/models/db1.py: 0
[2020-08-28 12:14:25] EDIT registro/models/db1.py: 0
[2020-08-28 12:14:45] EDIT registro/models/db1.py: 0
[2020-08-28 12:16:21] EDIT registro/models/db1.py: -1
[2020-08-28 12:16:37] EDIT registro/models/db1.py: 0
[2020-08-28 12:18:21] EDIT registro/views/alumnos/show.html: -2
[2020-08-28 12:18:46] EDIT registro/views/alumnos/show.html: 1
[2020-08-28 12:19:31] EDIT registro/views/alumnos/show.html: 0
[2020-08-28 12:20:10] EDIT registro/models/db1.py: 0
[2020-08-28 12:21:56] EDIT registro/models/db1.py: 0
[2020-08-28 13:14:34] EDIT registro/views/alumnos/show.html: 24
[2020-08-28 13:15:02] EDIT registro/views/alumnos/show.html: 0
[2020-08-28 13:16:04] EDIT registro/views/alumnos/show.html: 0
[2020-08-28 13:16:34] EDIT registro/views/alumnos/show.html: 0
[2020-08-28 13:17:50] EDIT registro/views/alumnos/show.html: 0
[2020-08-28 13:18:07] EDIT registro/views/alumnos/show.html: 0
[2020-08-28 13:20:43] EDIT registro/controllers/alumnos.py: 0
[2020-08-28 13:21:24] EDIT registro/controllers/alumnos.py: 0
[2020-08-28 13:23:46] EDIT registro/private/appconfig.ini: 0
[2020-08-28 13:24:09] EDIT registro/private/appconfig.ini: 0
[2020-08-28 13:25:32] EDIT registro/views/layout.html: -3
[2020-09-01 19:57:24] EDIT registro/controllers/alumnos.py: 4
[2020-09-01 19:57:41] CREATE alumnos/registro.html: 0
[2020-09-01 19:57:57] EDIT registro/models/menu.py: 0
[2020-09-01 20:03:45] EDIT registro/views/alumnos/registro.html: 66
[2020-09-01 20:04:41] EDIT registro/views/alumnos/registro.html: -1
[2020-09-01 20:05:08] EDIT registro/views/alumnos/registro.html: 1
[2020-09-01 20:05:44] EDIT registro/views/alumnos/registro.html: 0
[2020-09-01 20:09:13] EDIT registro/views/alumnos/registro.html: 1
[2020-09-01 20:09:32] EDIT registro/views/alumnos/registro.html: 0
[2020-09-01 20:09:52] EDIT registro/views/alumnos/registro.html: -1
[2020-09-01 20:16:33] EDIT registro/models/menu.py: 1
[2020-09-01 20:17:33] EDIT registro/models/menu.py: 0
[2020-09-01 20:20:10] EDIT registro/models/menu.py: 1
[2020-09-01 20:21:14] EDIT registro/models/menu.py: 0
[2020-09-01 20:21:28] CREATE cursos.py: 0
[2020-09-08 06:52:34] EDIT registro/controllers/cursos.py: 18
[2020-09-08 06:53:10] CREATE cursos/index.html: 0
[2020-09-08 06:53:28] CREATE cursos/insertar.html: 0
[2020-09-08 06:53:39] CREATE cursos/editar.html: 0
[2020-09-08 06:54:28] EDIT registro/views/cursos/editar.html: 0
[2020-09-08 06:54:57] EDIT registro/views/cursos/insertar.html: 0
[2020-09-08 06:54:59] EDIT registro/views/cursos/editar.html: 0
[2020-09-08 06:57:52] EDIT registro/views/cursos/index.html: 53
[2020-09-08 06:58:26] EDIT registro/views/cursos/index.html: 0
[2020-09-08 07:00:44] EDIT registro/models/db1.py: 0
[2020-09-08 07:01:34] EDIT registro/views/alumnos/index.html: -1
[2020-09-08 07:02:37] EDIT registro/views/alumnos/index.html: 0
[2020-09-08 07:04:45] EDIT registro/controllers/cursos.py: -1
[2020-09-08 07:05:22] EDIT registro/models/db1.py: 0
[2020-09-08 07:06:34] EDIT registro/models/db1.py: 0
[2020-09-08 07:09:13] EDIT registro/models/db1.py: 0
[2020-09-08 07:09:25] EDIT registro/models/db1.py: 0
[2020-09-08 07:11:30] EDIT registro/models/db1.py: 0
[2020-09-08 07:15:14] EDIT registro/models/db1.py: 0
[2020-09-08 07:18:04] EDIT registro/models/db1.py: 0
[2020-09-08 07:19:45] EDIT registro/models/db1.py: 0
[2020-09-08 08:59:14] CREATE diagnosticos.py: 0
[2020-09-08 08:59:57] EDIT registro/models/diagnosticos.py: 18
[2020-09-08 09:01:17] EDIT registro/models/menu.py: 0
[2020-09-08 09:01:57] EDIT registro/models/diagnosticos.py: 0
[2020-09-08 09:03:34] EDIT registro/views/diagnosticos/index.html: 0
[2020-09-08 09:05:01] EDIT registro/views/default/index.html: -38
[2020-09-08 09:05:23] EDIT registro/views/default/index.html: 0
[2020-09-08 09:06:45] EDIT registro/controllers/default.py: -1
[2020-09-08 09:07:10] EDIT registro/controllers/default.py: 0
[2020-09-08 09:07:41] EDIT registro/views/default/index.html: -7
[2020-09-09 11:38:49] EDIT registro/views/layout.html: 0
[2020-09-19 11:32:49] EDIT registro/controllers/alumnos.py: 4
[2020-09-19 11:34:53] EDIT registro/controllers/alumnos.py: 3
[2020-09-19 11:35:03] EDIT registro/controllers/alumnos.py: 0
[2020-09-19 11:36:04] EDIT registro/controllers/alumnos.py: 0
[2020-09-19 11:41:48] EDIT registro/controllers/alumnos.py: 0
[2020-09-19 11:55:38] EDIT registro/controllers/alumnos.py: 1
[2020-09-19 11:55:50] EDIT registro/controllers/alumnos.py: 0
[2020-09-19 11:57:45] EDIT registro/controllers/alumnos.py: 0
[2020-09-19 11:59:43] EDIT registro/controllers/alumnos.py: 4
[2020-09-19 12:00:25] CREATE alumnos/registro1.html: 0
[2020-09-19 12:02:16] EDIT registro/controllers/alumnos.py: 0
[2020-09-19 12:02:26] EDIT registro/controllers/alumnos.py: 0
[2020-09-19 12:02:43] EDIT registro/controllers/alumnos.py: 0
[2020-09-19 12:04:11] EDIT registro/controllers/alumnos.py: 0
[2020-09-19 12:04:24] EDIT registro/controllers/alumnos.py: 0
[2020-09-19 12:04:41] EDIT registro/controllers/alumnos.py: 0
[2020-09-19 12:04:51] EDIT registro/controllers/alumnos.py: 0
[2020-09-19 12:05:28] EDIT registro/controllers/alumnos.py: 0
[2020-09-19 12:08:46] EDIT registro/views/alumnos/registro.html: -1
[2020-09-19 12:09:03] EDIT registro/views/alumnos/registro.html: 1
[2020-09-19 12:09:25] EDIT registro/views/alumnos/registro.html: -1
[2020-09-19 12:09:35] EDIT registro/views/alumnos/registro.html: 1
[2020-09-19 12:10:43] EDIT registro/controllers/alumnos.py: 0
[2020-09-19 12:11:26] EDIT registro/controllers/alumnos.py: 0
[2020-09-19 12:13:20] EDIT registro/views/alumnos/registro.html: 0
[2020-09-19 12:16:58] EDIT registro/views/alumnos/registro.html: 0
[2020-09-19 12:17:53] EDIT registro/controllers/alumnos.py: 0
[2020-09-19 12:18:28] EDIT registro/controllers/alumnos.py: 0
[2020-09-19 12:19:25] EDIT registro/controllers/alumnos.py: 0
